Start testing: Sep 07 01:36 PDT
----------------------------------------------------------
1/1 Testing: libringbuffer_test
1/1 Test: libringbuffer_test
Command: "/c/vizidrix/src/github.com/vizidrix/libringbuffer/build/bin/libringbuffer_test"
Directory: /c/vizidrix/src/github.com/vizidrix/libringbuffer/build/test
"libringbuffer_test" start time: Sep 07 01:36 PDT
Output:
----------------------------------------------------------
Run this program with --terse_output to change the way it prints its output.
[==========] Running 7 tests from 2 test cases.
[----------] Global test environment set-up.
[----------] 3 tests from Given_a_ringbuffer_pointer
[ RUN      ] Given_a_ringbuffer_pointer._when_a_valid_buffer_is_created
[       OK ] Given_a_ringbuffer_pointer._when_a_valid_buffer_is_created (0 ms)
[ RUN      ] Given_a_ringbuffer_pointer._when_a_buffer_is_created_with_invalid_size
[       OK ] Given_a_ringbuffer_pointer._when_a_buffer_is_created_with_invalid_size (0 ms)
[ RUN      ] Given_a_ringbuffer_pointer._when_the_buffer_is_closed_twice
[       OK ] Given_a_ringbuffer_pointer._when_the_buffer_is_closed_twice (0 ms)
[----------] 3 tests from Given_a_ringbuffer_pointer (0 ms total)

[----------] 4 tests from Given_a_size_4_ringbuffer
[ RUN      ] Given_a_size_4_ringbuffer._when_a_zero_count_claim_is_requested
[       OK ] Given_a_size_4_ringbuffer._when_a_zero_count_claim_is_requested (0 ms)
[ RUN      ] Given_a_size_4_ringbuffer._when_a_claim_size_buffer_than_the_buffer_is_requested
[       OK ] Given_a_size_4_ringbuffer._when_a_claim_size_buffer_than_the_buffer_is_requested (0 ms)
[ RUN      ] Given_a_size_4_ringbuffer._when_a_valid_single_claim_is_requested
[       OK ] Given_a_size_4_ringbuffer._when_a_valid_single_claim_is_requested (0 ms)
[ RUN      ] Given_a_size_4_ringbuffer._when_two_valid_claims_are_made
[       OK ] Given_a_size_4_ringbuffer._when_two_valid_claims_are_made (0 ms)
[----------] 4 tests from Given_a_size_4_ringbuffer (0 ms total)

[----------] Global test environment tear-down
[==========] 7 tests from 2 test cases ran. (0 ms total)
[  PASSED  ] 7 tests.
<end of output>
Test time =   0.00 sec
----------------------------------------------------------
Test Passed.
"libringbuffer_test" end time: Sep 07 01:36 PDT
"libringbuffer_test" time elapsed: 00:00:00
----------------------------------------------------------

End testing: Sep 07 01:36 PDT
